<?xml version="1.0" encoding="UTF-8"?>
<!-- Generated by org.testng.reporters.JUnitReportReporter -->
<testsuite hostname="GANORKAR" failures="0" tests="1" name="Test1.PolicyBazar_Test_Utility_Base" time="15.023" errors="0" timestamp="2023-07-20T18:58:09 IST" skipped="0">
  <testcase classname="Test1.PolicyBazar_Test_Utility_Base" name="verifyusername" time="15.023"/>
  <system-out>
    <![CDATA[Applying a sleep of 1000 
Reading data for URL from property file
Launching browser
Applying a sleep of 1000 
Applying a sleep of 2000 
Reading data for MN from property file
Applying a sleep of 2000 
Applying a sleep of 1000 
Reading data for pw from property file
Applying a sleep of 1000 
Applying a sleep of 1000 
Applying a sleep of 1000 
Applying a sleep of 1000 
Applying a sleep of 1000 ]]>
  </system-out>
</testsuite> <!-- Test1.PolicyBazar_Test_Utility_Base -->
