<?xml version="1.0" encoding="UTF-8"?>
<!-- Generated by org.testng.reporters.JUnitReportReporter -->
<testsuite hostname="GANORKAR" failures="0" tests="1" name="Test1.NewTest" time="11.917" errors="0" timestamp="2023-06-30T14:06:40 IST" skipped="0">
  <testcase classname="Test1.NewTest" name="f" time="11.917"/>
</testsuite> <!-- Test1.NewTest -->
